Release 8.1i - xst I.24
Copyright (c) 1995-2005 Xilinx, Inc.  All rights reserved.
--> Parameter TMPDIR set to ./xst/projnav.tmp
CPU : 0.00 / 0.18 s | Elapsed : 0.00 / 0.00 s
 
--> Parameter xsthdpdir set to ./xst
CPU : 0.00 / 0.18 s | Elapsed : 0.00 / 0.00 s
 
--> Reading design: fullAdderComponents.prj

TABLE OF CONTENTS
  1) Synthesis Options Summary
  2) HDL Compilation
  3) HDL Analysis
  4) HDL Synthesis
     4.1) HDL Synthesis Report
  5) Advanced HDL Synthesis
     5.1) Advanced HDL Synthesis Report
  6) Low Level Synthesis
  7) Final Report

=========================================================================
*                      Synthesis Options Summary                        *
=========================================================================
---- Source Parameters
Input File Name                    : "fullAdderComponents.prj"
Input Format                       : mixed
Ignore Synthesis Constraint File   : NO

---- Target Parameters
Output File Name                   : "fullAdderComponents"
Output Format                      : NGC
Target Device                      : Automotive CoolRunner2

---- Source Options
Top Module Name                    : fullAdderComponents
Automatic FSM Extraction           : YES
FSM Encoding Algorithm             : Auto
Mux Extraction                     : YES
Resource Sharing                   : YES

---- Target Options
Add IO Buffers                     : YES
MACRO Preserve                     : YES
XOR Preserve                       : YES
Equivalent register Removal        : YES

---- General Options
Optimization Goal                  : Speed
Optimization Effort                : 1
Keep Hierarchy                     : YES
RTL Output                         : Yes
Hierarchy Separator                : /
Bus Delimiter                      : <>
Case Specifier                     : maintain

---- Other Options
lso                                : fullAdderComponents.lso
verilog2001                        : YES
safe_implementation                : No
wysiwyg                            : NO

=========================================================================


=========================================================================
*                          HDL Compilation                              *
=========================================================================
Compiling vhdl file "C:/Projects/Xilinx Projects/Flip-Flop/Projects/basicStructural/halfAdder.vhd" in Library work.
Architecture behavioral of Entity halfadder is up to date.
Compiling vhdl file "C:/Projects/Xilinx Projects/Flip-Flop/Projects/basicStructural/fullAdderComponents.vhd" in Library work.
Architecture behavioral of Entity fulladdercomponents is up to date.

=========================================================================
*                            HDL Analysis                               *
=========================================================================
Analyzing Entity <fullAdderComponents> (Architecture <behavioral>).
Entity <fullAdderComponents> analyzed. Unit <fullAdderComponents> generated.

Analyzing Entity <halfAdder> (Architecture <behavioral>).
Entity <halfAdder> analyzed. Unit <halfAdder> generated.


=========================================================================
*                           HDL Synthesis                               *
=========================================================================

Synthesizing Unit <halfAdder>.
    Related source file is "C:/Projects/Xilinx Projects/Flip-Flop/Projects/basicStructural/halfAdder.vhd".
    Found 1-bit xor2 for signal <SUM>.
    Summary:
	inferred   1 Xor(s).
Unit <halfAdder> synthesized.


Synthesizing Unit <fullAdderComponents>.
    Related source file is "C:/Projects/Xilinx Projects/Flip-Flop/Projects/basicStructural/fullAdderComponents.vhd".
Unit <fullAdderComponents> synthesized.


=========================================================================
HDL Synthesis Report

Macro Statistics
# Xors                                                 : 2
 1-bit xor2                                            : 2

=========================================================================

=========================================================================
*                       Advanced HDL Synthesis                          *
=========================================================================


=========================================================================
Advanced HDL Synthesis Report

Found no macro
=========================================================================

=========================================================================
*                         Low Level Synthesis                           *
=========================================================================

Optimizing unit <fullAdderComponents> ...

Optimizing unit <halfAdder> ...

=========================================================================
*                            Final Report                               *
=========================================================================
Final Results
RTL Top Level Output File Name     : fullAdderComponents.ngr
Top Level Output File Name         : fullAdderComponents
Output Format                      : NGC
Optimization Goal                  : Speed
Keep Hierarchy                     : YES
Target Technology                  : Automotive CoolRunner2
Macro Preserve                     : YES
XOR Preserve                       : YES
wysiwyg                            : NO

Design Statistics
# IOs                              : 5

Cell Usage :
# BELS                             : 5
#      AND2                        : 2
#      OR2                         : 1
#      XOR2                        : 2
# IO Buffers                       : 5
#      IBUF                        : 3
#      OBUF                        : 2
=========================================================================
CPU : 2.16 / 2.35 s | Elapsed : 2.00 / 2.00 s
 
--> 

Total memory usage is 166320 kilobytes

Number of errors   :    0 (   0 filtered)
Number of warnings :    0 (   0 filtered)
Number of infos    :    0 (   0 filtered)

